Build started 8/6/2017 2:16:31 AM.
     1>Project "D:\GameHack\Base & Tools\Base\VS2010\SF2\NEWDEV\SEA\XFilesHack-SF2\XFilesHack-SF2\XFilesHack-SF2.vcxproj" on node 2 (build target(s)).
     1>InitializeBuildStatus:
         Touching "Release\XFilesHack-SF2.unsuccessfulbuild".
       ClCompile:
         C:\Program Files (x86)\Microsoft Visual Studio 10.0\VC\bin\CL.exe /c /Zi /nologo /W3 /WX- /O2 /Oi /Oy- /GL /D _WINDLL /D _MBCS /Gm- /EHsc /MD /GS /Gy /fp:precise /Zc:wchar_t /Zc:forScope /Fo"Release\\" /Fd"Release\vc100.pdb" /Gd /TP /analyze- /errorReport:prompt XFilesHack.cpp
         XFilesHack.cpp
       Link:
         C:\Program Files (x86)\Microsoft Visual Studio 10.0\VC\bin\link.exe /ERRORREPORT:PROMPT /OUT:"D:\GameHack\Base & Tools\Base\VS2010\SF2\NEWDEV\SEA\XFilesHack-SF2\Release\XFilesHack-SF2.dll" /NOLOGO kernel32.lib user32.lib gdi32.lib winspool.lib comdlg32.lib advapi32.lib shell32.lib ole32.lib oleaut32.lib uuid.lib odbc32.lib odbccp32.lib /MANIFEST /ManifestFile:"Release\XFilesHack-SF2.dll.intermediate.manifest" /MANIFESTUAC:"level='asInvoker' uiAccess='false'" /DEBUG /PDB:"D:\GameHack\Base & Tools\Base\VS2010\SF2\NEWDEV\SEA\XFilesHack-SF2\Release\XFilesHack-SF2.pdb" /MAP /OPT:REF /OPT:ICF /LTCG /TLBID:1 /DYNAMICBASE /NXCOMPAT /IMPLIB:"D:\GameHack\Base & Tools\Base\VS2010\SF2\NEWDEV\SEA\XFilesHack-SF2\Release\XFilesHack-SF2.lib" /MACHINE:X86 /DLL Release\XFilesHack.obj
         Generating code
         Finished generating code
         XFilesHack-SF2.vcxproj -> D:\GameHack\Base & Tools\Base\VS2010\SF2\NEWDEV\SEA\XFilesHack-SF2\Release\XFilesHack-SF2.dll
       Manifest:
         C:\Program Files (x86)\Microsoft SDKs\Windows\v7.0A\bin\mt.exe /nologo /verbose /outputresource:"D:\GameHack\Base & Tools\Base\VS2010\SF2\NEWDEV\SEA\XFilesHack-SF2\Release\XFilesHack-SF2.dll;#2" /manifest "Release\XFilesHack-SF2.dll.intermediate.manifest"
       FinalizeBuildStatus:
         Deleting file "Release\XFilesHack-SF2.unsuccessfulbuild".
         Touching "Release\XFilesHack-SF2.lastbuildstate".
     1>Done Building Project "D:\GameHack\Base & Tools\Base\VS2010\SF2\NEWDEV\SEA\XFilesHack-SF2\XFilesHack-SF2\XFilesHack-SF2.vcxproj" (build target(s)).

Build succeeded.

Time Elapsed 00:00:24.73
