D:\GAMEHACK\BASE & TOOLS\BASE\VS2010\SF2\NEWDEV\SEA\XFILESHACK-SF2\RELEASE\XFILESHACK-SF2.DLL
D:\GameHack\Base & Tools\Base\VS2010\SF2\NEWDEV\SEA\XFilesHack-SF2\Release\XFilesHack-SF2.exp
D:\GameHack\Base & Tools\Base\VS2010\SF2\NEWDEV\SEA\XFilesHack-SF2\Release\XFilesHack-SF2.lib
D:\GAMEHACK\BASE & TOOLS\BASE\VS2010\SF2\NEWDEV\SEA\XFILESHACK-SF2\RELEASE\XFILESHACK-SF2.MAP
D:\GAMEHACK\BASE & TOOLS\BASE\VS2010\SF2\NEWDEV\SEA\XFILESHACK-SF2\RELEASE\XFILESHACK-SF2.PDB
D:\GameHack\Base & Tools\Base\VS2010\SF2\NEWDEV\SEA\XFilesHack-SF2\XFilesHack-SF2\Release\cl.command.1.tlog
D:\GameHack\Base & Tools\Base\VS2010\SF2\NEWDEV\SEA\XFilesHack-SF2\XFilesHack-SF2\Release\CL.read.1.tlog
D:\GameHack\Base & Tools\Base\VS2010\SF2\NEWDEV\SEA\XFilesHack-SF2\XFilesHack-SF2\Release\CL.write.1.tlog
D:\GameHack\Base & Tools\Base\VS2010\SF2\NEWDEV\SEA\XFilesHack-SF2\XFilesHack-SF2\Release\link.command.1.tlog
D:\GameHack\Base & Tools\Base\VS2010\SF2\NEWDEV\SEA\XFilesHack-SF2\XFilesHack-SF2\Release\link.read.1.tlog
D:\GameHack\Base & Tools\Base\VS2010\SF2\NEWDEV\SEA\XFilesHack-SF2\XFilesHack-SF2\Release\link.write.1.tlog
D:\GAMEHACK\BASE & TOOLS\BASE\VS2010\SF2\NEWDEV\SEA\XFILESHACK-SF2\XFILESHACK-SF2\RELEASE\LOADDLL.OBJ
D:\GAMEHACK\BASE & TOOLS\BASE\VS2010\SF2\NEWDEV\SEA\XFILESHACK-SF2\XFILESHACK-SF2\RELEASE\MD5.OBJ
D:\GameHack\Base & Tools\Base\VS2010\SF2\NEWDEV\SEA\XFilesHack-SF2\XFilesHack-SF2\Release\mt.command.1.tlog
D:\GameHack\Base & Tools\Base\VS2010\SF2\NEWDEV\SEA\XFilesHack-SF2\XFilesHack-SF2\Release\mt.read.1.tlog
D:\GameHack\Base & Tools\Base\VS2010\SF2\NEWDEV\SEA\XFilesHack-SF2\XFilesHack-SF2\Release\mt.write.1.tlog
D:\GAMEHACK\BASE & TOOLS\BASE\VS2010\SF2\NEWDEV\SEA\XFILESHACK-SF2\XFILESHACK-SF2\RELEASE\VC100.PDB
D:\GAMEHACK\BASE & TOOLS\BASE\VS2010\SF2\NEWDEV\SEA\XFILESHACK-SF2\XFILESHACK-SF2\RELEASE\XFILESHACK.OBJ
D:\GAMEHACK\BASE & TOOLS\BASE\VS2010\SF2\NEWDEV\SEA\XFILESHACK-SF2\XFILESHACK-SF2\RELEASE\XFILESHACK-SF2.DLL.INTERMEDIATE.MANIFEST
D:\GameHack\Base & Tools\Base\VS2010\SF2\NEWDEV\SEA\XFilesHack-SF2\XFilesHack-SF2\Release\XFilesHack-SF2.vcxprojResolveAssemblyReference.cache
D:\GameHack\Base & Tools\Base\VS2010\SF2\NEWDEV\SEA\XFilesHack-SF2\XFilesHack-SF2\Release\XFilesHack-SF2.write.1.tlog
